Using pre-set license
Built from '2021.2/staging' branch; Version is '2021.2.3f1 (32358a8527b4) revision 3290506'; Using compiler version '192829333'; Build Type 'Release'
OS: 'Windows 10 Pro; OS build 19044.1387; Version 2009; 64bit' Language: 'ru' Physical Memory: 12238 MB
BatchMode: 1, IsHumanControllingUs: 0, StartBugReporterOnCrash: 0, Is64bit: 1, IsPro: 0

COMMAND LINE ARGUMENTS:
C:\Program Files\Unity\Hub\Editor\2021.2.3f1\Editor\Unity.exe
-adb2
-batchMode
-noUpm
-name
AssetImportWorker0
-projectPath
C:/Users/Lev/Desktop/Unity/PixelArt/PixelArt Project
-logFile
Logs/AssetImportWorker0.log
-srvPort
49898
Successfully changed project path to: C:/Users/Lev/Desktop/Unity/PixelArt/PixelArt Project
C:/Users/Lev/Desktop/Unity/PixelArt/PixelArt Project
[UnityMemory] Configuration Parameters - Can be set up in boot.config
    "memorysetup-bucket-allocator-granularity=16"
    "memorysetup-bucket-allocator-bucket-count=8"
    "memorysetup-bucket-allocator-block-size=33554432"
    "memorysetup-bucket-allocator-block-count=8"
    "memorysetup-main-allocator-block-size=16777216"
    "memorysetup-thread-allocator-block-size=16777216"
    "memorysetup-gfx-main-allocator-block-size=16777216"
    "memorysetup-gfx-thread-allocator-block-size=16777216"
    "memorysetup-cache-allocator-block-size=4194304"
    "memorysetup-typetree-allocator-block-size=2097152"
    "memorysetup-profiler-bucket-allocator-granularity=16"
    "memorysetup-profiler-bucket-allocator-bucket-count=8"
    "memorysetup-profiler-bucket-allocator-block-size=33554432"
    "memorysetup-profiler-bucket-allocator-block-count=8"
    "memorysetup-profiler-allocator-block-size=16777216"
    "memorysetup-profiler-editor-allocator-block-size=1048576"
    "memorysetup-temp-allocator-size-main=16777216"
    "memorysetup-job-temp-allocator-block-size=2097152"
    "memorysetup-job-temp-allocator-block-size-background=1048576"
    "memorysetup-job-temp-allocator-reduction-small-platforms=262144"
    "memorysetup-temp-allocator-size-background-worker=32768"
    "memorysetup-temp-allocator-size-job-worker=262144"
    "memorysetup-temp-allocator-size-preload-manager=33554432"
    "memorysetup-temp-allocator-size-nav-mesh-worker=65536"
    "memorysetup-temp-allocator-size-audio-worker=65536"
    "memorysetup-temp-allocator-size-cloud-worker=32768"
    "memorysetup-temp-allocator-size-gi-baking-worker=262144"
    "memorysetup-temp-allocator-size-gfx=262144"
Refreshing native plugins compatible for Editor in 84.72 ms, found 3 plugins.
Preloading 0 native plugins for Editor in 0.00 ms.
Initialize engine version: 2021.2.3f1 (32358a8527b4)
[Subsystems] Discovering subsystems at path C:/Program Files/Unity/Hub/Editor/2021.2.3f1/Editor/Data/Resources/UnitySubsystems
[Subsystems] Discovering subsystems at path C:/Users/Lev/Desktop/Unity/PixelArt/PixelArt Project/Assets
GfxDevice: creating device client; threaded=0; jobified=0
Direct3D:
    Version:  Direct3D 11.0 [level 11.1]
    Renderer: NVIDIA GeForce GTX 1050 Ti (ID=0x1c82)
    Vendor:   NVIDIA
    VRAM:     4018 MB
    Driver:   30.0.14.9709
Initialize mono
Mono path[0] = 'C:/Program Files/Unity/Hub/Editor/2021.2.3f1/Editor/Data/Managed'
Mono path[1] = 'C:/Program Files/Unity/Hub/Editor/2021.2.3f1/Editor/Data/MonoBleedingEdge/lib/mono/unityjit-win32'
Mono config path = 'C:/Program Files/Unity/Hub/Editor/2021.2.3f1/Editor/Data/MonoBleedingEdge/etc'
Using monoOptions --debugger-agent=transport=dt_socket,embedding=1,server=y,suspend=n,address=127.0.0.1:56164
Begin MonoManager ReloadAssembly
Registering precompiled unity dll's ...
Register platform support module: C:/Program Files/Unity/Hub/Editor/2021.2.3f1/Editor/Data/PlaybackEngines/WindowsStandaloneSupport/UnityEditor.WindowsStandalone.Extensions.dll
Registered in 0.006842 seconds.
Native extension for WindowsStandalone target not found
Refreshing native plugins compatible for Editor in 75.74 ms, found 3 plugins.
Preloading 0 native plugins for Editor in 0.00 ms.
Mono: successfully reloaded assembly
- Completed reload, in  0.558 seconds
Domain Reload Profiling:
	ReloadAssembly (558ms)
		BeginReloadAssembly (67ms)
			ExecutionOrderSort (0ms)
			DisableScriptedObjects (0ms)
			BackupInstance (0ms)
			ReleaseScriptingObjects (0ms)
			CreateAndSetChildDomain (1ms)
		EndReloadAssembly (415ms)
			LoadAssemblies (64ms)
			RebuildTransferFunctionScriptingTraits (0ms)
			SetupTypeCache (90ms)
			ReleaseScriptCaches (0ms)
			RebuildScriptCaches (24ms)
			SetupLoadedEditorAssemblies (249ms)
				LogAssemblyErrors (0ms)
				InitializePlatformSupportModulesInManaged (14ms)
				SetLoadedEditorAssemblies (0ms)
				RefreshPlugins (76ms)
				BeforeProcessingInitializeOnLoad (1ms)
				ProcessInitializeOnLoadAttributes (116ms)
				ProcessInitializeOnLoadMethodAttributes (42ms)
				AfterProcessingInitializeOnLoad (0ms)
				EditorAssembliesLoaded (0ms)
			ExecutionOrderSort2 (0ms)
			AwakeInstancesAfterBackupRestoration (0ms)
Platform modules already initialized, skipping
Registering precompiled user dll's ...
Registered in 0.010237 seconds.
Begin MonoManager ReloadAssembly
Native extension for WindowsStandalone target not found
Refreshing native plugins compatible for Editor in 75.79 ms, found 3 plugins.
Preloading 0 native plugins for Editor in 0.00 ms.
Mono: successfully reloaded assembly
- Completed reload, in  1.813 seconds
Domain Reload Profiling:
	ReloadAssembly (1814ms)
		BeginReloadAssembly (158ms)
			ExecutionOrderSort (0ms)
			DisableScriptedObjects (6ms)
			BackupInstance (0ms)
			ReleaseScriptingObjects (0ms)
			CreateAndSetChildDomain (18ms)
		EndReloadAssembly (1561ms)
			LoadAssemblies (79ms)
			RebuildTransferFunctionScriptingTraits (0ms)
			SetupTypeCache (226ms)
			ReleaseScriptCaches (1ms)
			RebuildScriptCaches (62ms)
			SetupLoadedEditorAssemblies (1093ms)
				LogAssemblyErrors (0ms)
				InitializePlatformSupportModulesInManaged (10ms)
				SetLoadedEditorAssemblies (0ms)
				RefreshPlugins (76ms)
				BeforeProcessingInitializeOnLoad (100ms)
				ProcessInitializeOnLoadAttributes (824ms)
				ProcessInitializeOnLoadMethodAttributes (74ms)
				AfterProcessingInitializeOnLoad (8ms)
				EditorAssembliesLoaded (0ms)
			ExecutionOrderSort2 (0ms)
			AwakeInstancesAfterBackupRestoration (5ms)
Platform modules already initialized, skipping
========================================================================
Worker process is ready to serve import requests
Launched and connected shader compiler UnityShaderCompiler.exe after 0.04 seconds
Refreshing native plugins compatible for Editor in 1.31 ms, found 3 plugins.
Preloading 0 native plugins for Editor in 0.00 ms.
Unloading 4513 Unused Serialized files (Serialized files now loaded: 0)
Unloading 111 unused Assets / (1.6 MB). Loaded Objects now: 4936.
Memory consumption went from 196.8 MB to 195.2 MB.
Total: 4.543600 ms (FindLiveObjects: 0.402500 ms CreateObjectMapping: 0.125800 ms MarkObjects: 3.645200 ms  DeleteObjects: 0.369300 ms)

AssetImportParameters requested are different than current active one (requested -> active):
  custom:video-decoder-ogg-theora: a1e56fd34408186e4bbccfd4996cb3dc -> 
  custom:container-muxer-webm: aa71ff27fc2769a1b78a27578f13a17b -> 
  custom:container-demuxer-webm: 4f35f7cbe854078d1ac9338744f61a02 -> 
  custom:video-encoder-webm-vp8: eb34c28f22e8b96e1ab97ce403110664 -> 
  custom:video-codec-MediaFoundation-h265: 746d11721c4dcdbdad8f713fa42b33f4 -> 
  custom:audio-encoder-webm-vorbis: bf7c407c2cedff20999df2af8eb42d56 -> 
  custom:framework-win-MediaFoundation: 216162199b28c13a410421893ffa2e32 -> 
  custom:container-demuxer-ogg: 62fdf1f143b41e24485cea50d1cbac27 -> 
  custom:video-decoder-webm-vp8: 9c59270c3fd7afecdb556c50c9e8de78 -> 
  custom:audio-decoder-ogg-vorbis: bf7c407c2cedff20999df2af8eb42d56 -> 
========================================================================
Received Import Request.
  Time since last request: 3659.829020 seconds.
  path: Assets/Resources/LevelGroupObjects/Decor.asset
  artifactKey: Guid(60d19bb63efc9fa4ca513062c30c5382) Importer(815301076,1909f56bfc062723c751e8b465ee728b)
Start importing Assets/Resources/LevelGroupObjects/Decor.asset using Guid(60d19bb63efc9fa4ca513062c30c5382) Importer(815301076,1909f56bfc062723c751e8b465ee728b)  -> (artifact id: 'd4995ef10b173f2f16b54af953abcea8') in 15.598255 seconds 
========================================================================
Received Import Request.
  Time since last request: 0.000034 seconds.
  path: Assets/Resources/LevelGroupObjects/Food.asset
  artifactKey: Guid(e07996c8815e18e43963aa24bf578f2a) Importer(815301076,1909f56bfc062723c751e8b465ee728b)
Start importing Assets/Resources/LevelGroupObjects/Food.asset using Guid(e07996c8815e18e43963aa24bf578f2a) Importer(815301076,1909f56bfc062723c751e8b465ee728b)  -> (artifact id: 'ed6a92d014b630ad50d242ed80a724d3') in 4.380028 seconds 
========================================================================
Received Import Request.
  Time since last request: 0.000034 seconds.
  path: Assets/Resources/Levels/Bow(15x15)/Data/Bow(15x15)_0.asset
  artifactKey: Guid(c958670efaa74124abe4e3e3471bd460) Importer(815301076,1909f56bfc062723c751e8b465ee728b)
Start importing Assets/Resources/Levels/Bow(15x15)/Data/Bow(15x15)_0.asset using Guid(c958670efaa74124abe4e3e3471bd460) Importer(815301076,1909f56bfc062723c751e8b465ee728b)  -> (artifact id: '1193b80149a68764d92ebaa077ea3a01') in 0.140868 seconds 
========================================================================
Received Import Request.
  Time since last request: 0.000023 seconds.
  path: Assets/Resources/Levels/Bow(15x15)/Data/Bow(15x15)_1.asset
  artifactKey: Guid(987c0847f2df9fa469450adfe6dcc078) Importer(815301076,1909f56bfc062723c751e8b465ee728b)
Start importing Assets/Resources/Levels/Bow(15x15)/Data/Bow(15x15)_1.asset using Guid(987c0847f2df9fa469450adfe6dcc078) Importer(815301076,1909f56bfc062723c751e8b465ee728b)  -> (artifact id: '953b2831accb47f0cae5e6c9eb801baa') in 0.142928 seconds 
========================================================================
Received Import Request.
  Time since last request: 0.000024 seconds.
  path: Assets/Resources/Levels/Bow(15x15)/Data/Bow(15x15)_4.asset
  artifactKey: Guid(5228cd4b248e1684c8827471ac60124b) Importer(815301076,1909f56bfc062723c751e8b465ee728b)
Start importing Assets/Resources/Levels/Bow(15x15)/Data/Bow(15x15)_4.asset using Guid(5228cd4b248e1684c8827471ac60124b) Importer(815301076,1909f56bfc062723c751e8b465ee728b)  -> (artifact id: '69dfce1075a2222270fcb9004eb9c51f') in 0.140610 seconds 
========================================================================
Received Import Request.
  Time since last request: 0.000026 seconds.
  path: Assets/Resources/Levels/Bow(15x15)/Data/Bow(15x15)_6.asset
  artifactKey: Guid(b6e53ca747cd04640b95fe7903cb857a) Importer(815301076,1909f56bfc062723c751e8b465ee728b)
Start importing Assets/Resources/Levels/Bow(15x15)/Data/Bow(15x15)_6.asset using Guid(b6e53ca747cd04640b95fe7903cb857a) Importer(815301076,1909f56bfc062723c751e8b465ee728b)  -> (artifact id: 'b0a2f25d99d5c8026e7b925360e0107f') in 0.139009 seconds 
========================================================================
Received Import Request.
  Time since last request: 0.000019 seconds.
  path: Assets/Resources/Levels/Bow(15x15)/Data/Bow(15x15)_8.asset
  artifactKey: Guid(76f3c6a5dfa6f194c81c5d96d7890aa1) Importer(815301076,1909f56bfc062723c751e8b465ee728b)
Start importing Assets/Resources/Levels/Bow(15x15)/Data/Bow(15x15)_8.asset using Guid(76f3c6a5dfa6f194c81c5d96d7890aa1) Importer(815301076,1909f56bfc062723c751e8b465ee728b)  -> (artifact id: 'c356178aaa54bff04110876154503bb5') in 0.140568 seconds 
========================================================================
Received Import Request.
  Time since last request: 0.000024 seconds.
  path: Assets/Resources/Levels/Bow(15x15)/Data/Bow(15x15)_7.asset
  artifactKey: Guid(9e75615bd2d336e4692e5e25c622593e) Importer(815301076,1909f56bfc062723c751e8b465ee728b)
Start importing Assets/Resources/Levels/Bow(15x15)/Data/Bow(15x15)_7.asset using Guid(9e75615bd2d336e4692e5e25c622593e) Importer(815301076,1909f56bfc062723c751e8b465ee728b)  -> (artifact id: 'aff4172adc8486689a3f7b751c7d4003') in 0.141756 seconds 
========================================================================
Received Import Request.
  Time since last request: 0.000027 seconds.
  path: Assets/Resources/LevelGroupObjects/Pokemons.asset
  artifactKey: Guid(a450300e7fbcd2941bb9008589a5f519) Importer(815301076,1909f56bfc062723c751e8b465ee728b)
Start importing Assets/Resources/LevelGroupObjects/Pokemons.asset using Guid(a450300e7fbcd2941bb9008589a5f519) Importer(815301076,1909f56bfc062723c751e8b465ee728b)  -> (artifact id: '090aa7831bf020723f52ae8ecd10880d') in 10.340468 seconds 
========================================================================
Received Import Request.
  Time since last request: 0.000034 seconds.
  path: Assets/Resources/Levels/Frog(8x8)/Frog(8x8).asset
  artifactKey: Guid(e1e011893e55aea4d889aa04dc715b64) Importer(815301076,1909f56bfc062723c751e8b465ee728b)
Start importing Assets/Resources/Levels/Frog(8x8)/Frog(8x8).asset using Guid(e1e011893e55aea4d889aa04dc715b64) Importer(815301076,1909f56bfc062723c751e8b465ee728b)  -> (artifact id: 'f1a070bcdfc22413bdf5a50cae5c0b12') in 0.555523 seconds 
========================================================================
Received Import Request.
  Time since last request: 0.000032 seconds.
  path: Assets/Resources/Levels/Bow(15x15)/Bow(15x15).asset
  artifactKey: Guid(613c57af4df0b264ca0efbcb10134f4b) Importer(815301076,1909f56bfc062723c751e8b465ee728b)
Start importing Assets/Resources/Levels/Bow(15x15)/Bow(15x15).asset using Guid(613c57af4df0b264ca0efbcb10134f4b) Importer(815301076,1909f56bfc062723c751e8b465ee728b)  -> (artifact id: '762b6c2bc327bead93adde113886a557') in 2.507617 seconds 
========================================================================
Received Import Request.
  Time since last request: 0.000030 seconds.
  path: Assets/Resources/Levels/Bow(15x15)/Bow(15x15).jpg
  artifactKey: Guid(b02e674aac0c9614c976856cf17d235d) Importer(815301076,1909f56bfc062723c751e8b465ee728b)
Start importing Assets/Resources/Levels/Bow(15x15)/Bow(15x15).jpg using Guid(b02e674aac0c9614c976856cf17d235d) Importer(815301076,1909f56bfc062723c751e8b465ee728b)  -> (artifact id: '8f1020e0c34f4a297e78260c1eef486a') in 0.111691 seconds 
========================================================================
Received Import Request.
  Time since last request: 0.000024 seconds.
  path: Assets/Resources/Levels/Bow(15x15)/Data/Bow(15x15)_3.asset
  artifactKey: Guid(9bc906165a0180842b92cead669774b3) Importer(815301076,1909f56bfc062723c751e8b465ee728b)
Start importing Assets/Resources/Levels/Bow(15x15)/Data/Bow(15x15)_3.asset using Guid(9bc906165a0180842b92cead669774b3) Importer(815301076,1909f56bfc062723c751e8b465ee728b)  -> (artifact id: 'e36c66b4598e10f6dd5ddd2184b4b6b5') in 0.143296 seconds 
========================================================================
Received Import Request.
  Time since last request: 0.000019 seconds.
  path: Assets/Resources/LevelGroupObjects/Animals.asset
  artifactKey: Guid(7a710216af98f5e459b557cf9624ac17) Importer(815301076,1909f56bfc062723c751e8b465ee728b)
Start importing Assets/Resources/LevelGroupObjects/Animals.asset using Guid(7a710216af98f5e459b557cf9624ac17) Importer(815301076,1909f56bfc062723c751e8b465ee728b)  -> (artifact id: 'fad041fb69ee3539705bb16681e8ddf4') in 4.573167 seconds 
========================================================================
Received Import Request.
  Time since last request: 0.000028 seconds.
  path: Assets/Resources/Levels/Forg(8x8)/Forg(8x8).jpg
  artifactKey: Guid(c7723511b185b9849876ba94e325f797) Importer(815301076,1909f56bfc062723c751e8b465ee728b)
Start importing Assets/Resources/Levels/Forg(8x8)/Forg(8x8).jpg using Guid(c7723511b185b9849876ba94e325f797) Importer(815301076,1909f56bfc062723c751e8b465ee728b)  -> (artifact id: 'f04eaed7e736b0b6ea2f59adb9277dc3') in 0.047230 seconds 
========================================================================
Received Import Request.
  Time since last request: 0.000027 seconds.
  path: Assets/Resources/Levels/Forg(8x8)/Forg(8x8).asset
  artifactKey: Guid(51a096f34b7f81a48bc8cdf7d3a06d5b) Importer(815301076,1909f56bfc062723c751e8b465ee728b)
Start importing Assets/Resources/Levels/Forg(8x8)/Forg(8x8).asset using Guid(51a096f34b7f81a48bc8cdf7d3a06d5b) Importer(815301076,1909f56bfc062723c751e8b465ee728b)  -> (artifact id: 'dbd00d4b0c88f04538661f6c1b2d99e6') in 0.410615 seconds 
========================================================================
Received Import Request.
  Time since last request: 0.000024 seconds.
  path: Assets/Resources/Levels/Bow(15x15)/Data/Bow(15x15)_5.asset
  artifactKey: Guid(ff0fe405822071b45ab8ca718cc9c7cd) Importer(815301076,1909f56bfc062723c751e8b465ee728b)
Start importing Assets/Resources/Levels/Bow(15x15)/Data/Bow(15x15)_5.asset using Guid(ff0fe405822071b45ab8ca718cc9c7cd) Importer(815301076,1909f56bfc062723c751e8b465ee728b)  -> (artifact id: '610d74ef75d4bef4df76d1b26ce48c32') in 0.140685 seconds 
========================================================================
Received Import Request.
  Time since last request: 0.000022 seconds.
  path: Assets/Resources/Levels/Bow(15x15)/Data/Bow(15x15)_2.asset
  artifactKey: Guid(30af0a9d964e36e4aa0cce53cf167da7) Importer(815301076,1909f56bfc062723c751e8b465ee728b)
Start importing Assets/Resources/Levels/Bow(15x15)/Data/Bow(15x15)_2.asset using Guid(30af0a9d964e36e4aa0cce53cf167da7) Importer(815301076,1909f56bfc062723c751e8b465ee728b)  -> (artifact id: '03a08498dd4acab19e5e9a46da693578') in 0.140006 seconds 
========================================================================
Received Import Request.
  Time since last request: 0.000016 seconds.
  path: Assets/Resources/LevelGroupObjects/Minecraft.asset
  artifactKey: Guid(aa72cfedc495381418fd2e3ab3a9af0d) Importer(815301076,1909f56bfc062723c751e8b465ee728b)
Start importing Assets/Resources/LevelGroupObjects/Minecraft.asset using Guid(aa72cfedc495381418fd2e3ab3a9af0d) Importer(815301076,1909f56bfc062723c751e8b465ee728b)  -> (artifact id: '1e28666285c1db9d5f36d487ce9b32e4') in 17.991416 seconds 
========================================================================
Received Import Request.
  Time since last request: 0.000033 seconds.
  path: Assets/Resources/Levels/Globe(16x16)/Globe(16x16).asset
  artifactKey: Guid(684d2a8327dc5454396d104e68ba8beb) Importer(815301076,1909f56bfc062723c751e8b465ee728b)
Start importing Assets/Resources/Levels/Globe(16x16)/Globe(16x16).asset using Guid(684d2a8327dc5454396d104e68ba8beb) Importer(815301076,1909f56bfc062723c751e8b465ee728b)  -> (artifact id: '567f502d59b80107f0e00d58488d4d61') in 5.484860 seconds 
========================================================================
Received Import Request.
  Time since last request: 0.000045 seconds.
  path: Assets/Resources/Levels/Frog(8x8)/Frog(8x8).png
  artifactKey: Guid(ecd5aa90b7a9bc44889eeb21135c4f2d) Importer(815301076,1909f56bfc062723c751e8b465ee728b)
Start importing Assets/Resources/Levels/Frog(8x8)/Frog(8x8).png using Guid(ecd5aa90b7a9bc44889eeb21135c4f2d) Importer(815301076,1909f56bfc062723c751e8b465ee728b)  -> (artifact id: 'c6a64d6edb04f7e26fb23182d337f59c') in 0.057392 seconds 
========================================================================
Received Import Request.
  Time since last request: 0.000019 seconds.
  path: Assets/Resources/Levels/Globe(16x16)/Globe(16x16).jpg
  artifactKey: Guid(a503ef3b1e0abb946977978dcf9d6230) Importer(815301076,1909f56bfc062723c751e8b465ee728b)
Start importing Assets/Resources/Levels/Globe(16x16)/Globe(16x16).jpg using Guid(a503ef3b1e0abb946977978dcf9d6230) Importer(815301076,1909f56bfc062723c751e8b465ee728b)  -> (artifact id: '9bec405de964f7a9a833325005e3ea53') in 0.042688 seconds 
========================================================================
Received Prepare
Refreshing native plugins compatible for Editor in 15.35 ms, found 3 plugins.
Preloading 0 native plugins for Editor in 0.00 ms.
Unloading 98 Unused Serialized files (Serialized files now loaded: 0)
Unloading 98 unused Assets / (1.6 MB). Loaded Objects now: 4947.
Memory consumption went from 108.9 MB to 107.3 MB.
Total: 4.688000 ms (FindLiveObjects: 0.416200 ms CreateObjectMapping: 0.124600 ms MarkObjects: 3.824700 ms  DeleteObjects: 0.321600 ms)

AssetImportParameters requested are different than current active one (requested -> active):
  custom:video-decoder-ogg-theora: a1e56fd34408186e4bbccfd4996cb3dc -> 
  custom:container-muxer-webm: aa71ff27fc2769a1b78a27578f13a17b -> 
  custom:container-demuxer-webm: 4f35f7cbe854078d1ac9338744f61a02 -> 
  custom:video-encoder-webm-vp8: eb34c28f22e8b96e1ab97ce403110664 -> 
  custom:video-codec-MediaFoundation-h265: 746d11721c4dcdbdad8f713fa42b33f4 -> 
  custom:audio-encoder-webm-vorbis: bf7c407c2cedff20999df2af8eb42d56 -> 
  custom:framework-win-MediaFoundation: 216162199b28c13a410421893ffa2e32 -> 
  custom:container-demuxer-ogg: 62fdf1f143b41e24485cea50d1cbac27 -> 
  custom:video-decoder-webm-vp8: 9c59270c3fd7afecdb556c50c9e8de78 -> 
  custom:audio-decoder-ogg-vorbis: bf7c407c2cedff20999df2af8eb42d56 -> 
