Using pre-set license
Built from '2020.3/release' branch; Version is '2020.3.12f1 (b3b2c6512326) revision 11776710'; Using compiler version '192528614'; Build Type 'Release'
OS: 'Windows 10 Pro; OS build 19043.1052; Version 2009; 64bit' Language: 'ru' Physical Memory: 16335 MB
BatchMode: 1, IsHumanControllingUs: 0, StartBugReporterOnCrash: 0, Is64bit: 1, IsPro: 0

 COMMAND LINE ARGUMENTS:
C:\Program Files\Unity\Hub\Editor\2020.3.12f1\Editor\Unity.exe
-adb2
-batchMode
-noUpm
-name
AssetImportWorker1
-projectPath
C:/Users/Lev/Desktop/Unity/PixelArt Learning
-logFile
Logs/AssetImportWorker1.log
-srvPort
64804
Successfully changed project path to: C:/Users/Lev/Desktop/Unity/PixelArt Learning
C:/Users/Lev/Desktop/Unity/PixelArt Learning
Using Asset Import Pipeline V2.
Refreshing native plugins compatible for Editor in 57.41 ms, found 3 plugins.
Preloading 0 native plugins for Editor in 0.00 ms.
Initialize engine version: 2020.3.12f1 (b3b2c6512326)
[Subsystems] Discovering subsystems at path C:/Program Files/Unity/Hub/Editor/2020.3.12f1/Editor/Data/Resources/UnitySubsystems
[Subsystems] Discovering subsystems at path C:/Users/Lev/Desktop/Unity/PixelArt Learning/Assets
GfxDevice: creating device client; threaded=0
Direct3D:
    Version:  Direct3D 11.0 [level 11.1]
    Renderer: NVIDIA GeForce GTX 1050 Ti (ID=0x1c82)
    Vendor:   
    VRAM:     4018 MB
    Driver:   27.21.14.6109
Initialize mono
Mono path[0] = 'C:/Program Files/Unity/Hub/Editor/2020.3.12f1/Editor/Data/Managed'
Mono path[1] = 'C:/Program Files/Unity/Hub/Editor/2020.3.12f1/Editor/Data/MonoBleedingEdge/lib/mono/unityjit'
Mono config path = 'C:/Program Files/Unity/Hub/Editor/2020.3.12f1/Editor/Data/MonoBleedingEdge/etc'
Using monoOptions --debugger-agent=transport=dt_socket,embedding=1,server=y,suspend=n,address=127.0.0.1:56964
Begin MonoManager ReloadAssembly
Registering precompiled unity dll's ...
Register platform support module: C:/Program Files/Unity/Hub/Editor/2020.3.12f1/Editor/Data/PlaybackEngines/WindowsStandaloneSupport/UnityEditor.WindowsStandalone.Extensions.dll
Registered in 0.002547 seconds.
Native extension for WindowsStandalone target not found
Refreshing native plugins compatible for Editor in 53.16 ms, found 3 plugins.
Preloading 0 native plugins for Editor in 0.00 ms.
Mono: successfully reloaded assembly
- Completed reload, in  2.946 seconds
Platform modules already initialized, skipping
Registering precompiled user dll's ...
Registered in 0.006111 seconds.
Begin MonoManager ReloadAssembly
Native extension for WindowsStandalone target not found
Refreshing native plugins compatible for Editor in 53.24 ms, found 3 plugins.
Preloading 0 native plugins for Editor in 0.00 ms.
Mono: successfully reloaded assembly
- Completed reload, in  1.430 seconds
Platform modules already initialized, skipping
========================================================================
Worker process is ready to serve import requests
Launched and connected shader compiler UnityShaderCompiler.exe after 0.06 seconds
Refreshing native plugins compatible for Editor in 0.53 ms, found 3 plugins.
Preloading 0 native plugins for Editor in 0.00 ms.
Unloading 2144 Unused Serialized files (Serialized files now loaded: 0)
System memory in use before: 96.3 MB.
System memory in use after: 96.2 MB.

Unloading 35 unused Assets to reduce memory usage. Loaded Objects now: 2581.
Total: 3.246200 ms (FindLiveObjects: 0.579800 ms CreateObjectMapping: 0.070200 ms MarkObjects: 2.434000 ms  DeleteObjects: 0.160600 ms)

AssetImportParameters requested are different than current active one (requested -> active):
  custom:framework-win-MediaFoundation: 216162199b28c13a410421893ffa2e32 -> 
  custom:video-decoder-ogg-theora: a1e56fd34408186e4bbccfd4996cb3dc -> 
  custom:container-muxer-webm: aa71ff27fc2769a1b78a27578f13a17b -> 
  custom:container-demuxer-webm: 4f35f7cbe854078d1ac9338744f61a02 -> 
  custom:container-demuxer-ogg: 62fdf1f143b41e24485cea50d1cbac27 -> 
  custom:video-encoder-webm-vp8: eb34c28f22e8b96e1ab97ce403110664 -> 
  custom:video-codec-MediaFoundation-h265: 746d11721c4dcdbdad8f713fa42b33f4 -> 
  custom:video-decoder-webm-vp8: 9c59270c3fd7afecdb556c50c9e8de78 -> 
  custom:audio-decoder-ogg-vorbis: bf7c407c2cedff20999df2af8eb42d56 -> 
  custom:audio-encoder-webm-vorbis: bf7c407c2cedff20999df2af8eb42d56 -> 
========================================================================
Received Import Request.
  path: Assets/Scenes/Gameplay.unity
  artifactKey: Guid(2cda990e2423bbf4892e6590ba056729) Importer(815301076,1909f56bfc062723c751e8b465ee728b)
Start importing Assets/Scenes/Gameplay.unity using Guid(2cda990e2423bbf4892e6590ba056729) Importer(815301076,1909f56bfc062723c751e8b465ee728b)  -> (artifact id: 'f873505d13d5bda4b85ebd4ae72dbef7') in 0.016800 seconds 
  Import took 0.020888 seconds .

========================================================================
Received Import Request.
  Time since last request: 10.093402 seconds.
  path: Assets/Scenes/Editor.unity
  artifactKey: Guid(2cda990e2423bbf4892e6590ba056729) Importer(815301076,1909f56bfc062723c751e8b465ee728b)
Start importing Assets/Scenes/Editor.unity using Guid(2cda990e2423bbf4892e6590ba056729) Importer(815301076,1909f56bfc062723c751e8b465ee728b)  -> (artifact id: 'ba2e2dfa4efd93d5b6b1a509c758f539') in 0.004435 seconds 
  Import took 0.008733 seconds .

========================================================================
Received Import Request.
  Time since last request: 13.727381 seconds.
  path: Assets/Animations/preview.anim
  artifactKey: Guid(6685a4f12e02bfb49b10ed533a821796) Importer(815301076,1909f56bfc062723c751e8b465ee728b)
Start importing Assets/Animations/preview.anim using Guid(6685a4f12e02bfb49b10ed533a821796) Importer(815301076,1909f56bfc062723c751e8b465ee728b)  -> (artifact id: '4319a1a55f684bc3d852e7e38b8fbef1') in 0.275907 seconds 
  Import took 0.281706 seconds .

========================================================================
Received Import Request.
  Time since last request: 39.289603 seconds.
  path: Assets/Animations/holder.anim
  artifactKey: Guid(5a0d92d286cd65c4581634e9197e054a) Importer(815301076,1909f56bfc062723c751e8b465ee728b)
Start importing Assets/Animations/holder.anim using Guid(5a0d92d286cd65c4581634e9197e054a) Importer(815301076,1909f56bfc062723c751e8b465ee728b)  -> (artifact id: '753d3a435ff975cde918b3fa23591f57') in 0.003577 seconds 
  Import took 0.007228 seconds .

========================================================================
Received Prepare
Registering precompiled user dll's ...
Registered in 0.006317 seconds.
Begin MonoManager ReloadAssembly
Native extension for WindowsStandalone target not found
Refreshing native plugins compatible for Editor in 0.53 ms, found 3 plugins.
Preloading 0 native plugins for Editor in 0.00 ms.
Mono: successfully reloaded assembly
- Completed reload, in  1.356 seconds
Platform modules already initialized, skipping
Switching build target platform(19) subTarget(0) extendedPlatform(0) -> platform(13) subTarget(537395200) extendedPlatform(0)
Refreshing native plugins compatible for Editor in 0.53 ms, found 3 plugins.
Preloading 0 native plugins for Editor in 0.00 ms.
Unloading 2129 Unused Serialized files (Serialized files now loaded: 0)
System memory in use before: 95.0 MB.
System memory in use after: 94.9 MB.

Unloading 23 unused Assets to reduce memory usage. Loaded Objects now: 2585.
Total: 6.355600 ms (FindLiveObjects: 0.252300 ms CreateObjectMapping: 1.347600 ms MarkObjects: 4.588500 ms  DeleteObjects: 0.164900 ms)

AssetImportParameters requested are different than current active one (requested -> active):
  custom:framework-win-MediaFoundation: 216162199b28c13a410421893ffa2e32 -> 
  custom:video-decoder-ogg-theora: a1e56fd34408186e4bbccfd4996cb3dc -> 
  custom:container-muxer-webm: aa71ff27fc2769a1b78a27578f13a17b -> 
  custom:container-demuxer-webm: 4f35f7cbe854078d1ac9338744f61a02 -> 
  custom:container-demuxer-ogg: 62fdf1f143b41e24485cea50d1cbac27 -> 
  custom:video-encoder-webm-vp8: eb34c28f22e8b96e1ab97ce403110664 -> 
  custom:video-codec-MediaFoundation-h265: 746d11721c4dcdbdad8f713fa42b33f4 -> 
  custom:video-decoder-webm-vp8: 9c59270c3fd7afecdb556c50c9e8de78 -> 
  custom:graphics/normal-map-encoding: 01000000000000000000000000000000 -> 02000000000000000000000000000000
  custom:audio-decoder-ogg-vorbis: bf7c407c2cedff20999df2af8eb42d56 -> 
  custom:audio-encoder-webm-vorbis: bf7c407c2cedff20999df2af8eb42d56 -> 
========================================================================
Received Prepare
Registering precompiled user dll's ...
Registered in 0.005724 seconds.
Begin MonoManager ReloadAssembly
Native extension for WindowsStandalone target not found
Refreshing native plugins compatible for Editor in 0.53 ms, found 3 plugins.
Preloading 0 native plugins for Editor in 0.00 ms.
Mono: successfully reloaded assembly
- Completed reload, in  1.264 seconds
Platform modules already initialized, skipping
Switching build target platform(19) subTarget(0) extendedPlatform(0) -> platform(13) subTarget(537395200) extendedPlatform(0)
Refreshing native plugins compatible for Editor in 0.56 ms, found 3 plugins.
Preloading 0 native plugins for Editor in 0.00 ms.
Unloading 2129 Unused Serialized files (Serialized files now loaded: 0)
System memory in use before: 95.0 MB.
System memory in use after: 95.0 MB.

Unloading 23 unused Assets to reduce memory usage. Loaded Objects now: 2589.
Total: 2.721900 ms (FindLiveObjects: 0.257200 ms CreateObjectMapping: 0.057600 ms MarkObjects: 2.263600 ms  DeleteObjects: 0.141400 ms)

AssetImportParameters requested are different than current active one (requested -> active):
  custom:framework-win-MediaFoundation: 216162199b28c13a410421893ffa2e32 -> 
  custom:video-decoder-ogg-theora: a1e56fd34408186e4bbccfd4996cb3dc -> 
  custom:container-muxer-webm: aa71ff27fc2769a1b78a27578f13a17b -> 
  custom:container-demuxer-webm: 4f35f7cbe854078d1ac9338744f61a02 -> 
  custom:container-demuxer-ogg: 62fdf1f143b41e24485cea50d1cbac27 -> 
  custom:video-encoder-webm-vp8: eb34c28f22e8b96e1ab97ce403110664 -> 
  custom:video-codec-MediaFoundation-h265: 746d11721c4dcdbdad8f713fa42b33f4 -> 
  custom:video-decoder-webm-vp8: 9c59270c3fd7afecdb556c50c9e8de78 -> 
  custom:graphics/normal-map-encoding: 01000000000000000000000000000000 -> 02000000000000000000000000000000
  custom:audio-decoder-ogg-vorbis: bf7c407c2cedff20999df2af8eb42d56 -> 
  custom:audio-encoder-webm-vorbis: bf7c407c2cedff20999df2af8eb42d56 -> 
========================================================================
Received Import Request.
  Time since last request: 268.057244 seconds.
  path: Assets/Animations/Draw Panel.controller
  artifactKey: Guid(46cc4e8be46066a4495677d94bdd42dc) Importer(815301076,1909f56bfc062723c751e8b465ee728b)
Start importing Assets/Animations/Draw Panel.controller using Guid(46cc4e8be46066a4495677d94bdd42dc) Importer(815301076,1909f56bfc062723c751e8b465ee728b)  -> (artifact id: 'bbae9ebc9da2311644e18dbe1c17665a') in 0.038081 seconds 
  Import took 0.042377 seconds .

========================================================================
Received Prepare
Registering precompiled user dll's ...
Registered in 0.006320 seconds.
Begin MonoManager ReloadAssembly
Native extension for WindowsStandalone target not found
Refreshing native plugins compatible for Editor in 0.54 ms, found 3 plugins.
Preloading 0 native plugins for Editor in 0.00 ms.
Mono: successfully reloaded assembly
- Completed reload, in  1.328 seconds
Platform modules already initialized, skipping
Switching build target platform(19) subTarget(0) extendedPlatform(0) -> platform(13) subTarget(537395200) extendedPlatform(0)
Refreshing native plugins compatible for Editor in 0.52 ms, found 3 plugins.
Preloading 0 native plugins for Editor in 0.00 ms.
Unloading 2129 Unused Serialized files (Serialized files now loaded: 0)
System memory in use before: 95.0 MB.
System memory in use after: 95.0 MB.

Unloading 23 unused Assets to reduce memory usage. Loaded Objects now: 2593.
Total: 2.699100 ms (FindLiveObjects: 0.244800 ms CreateObjectMapping: 0.068500 ms MarkObjects: 2.255000 ms  DeleteObjects: 0.129400 ms)

AssetImportParameters requested are different than current active one (requested -> active):
  custom:framework-win-MediaFoundation: 216162199b28c13a410421893ffa2e32 -> 
  custom:video-decoder-ogg-theora: a1e56fd34408186e4bbccfd4996cb3dc -> 
  custom:container-muxer-webm: aa71ff27fc2769a1b78a27578f13a17b -> 
  custom:container-demuxer-webm: 4f35f7cbe854078d1ac9338744f61a02 -> 
  custom:container-demuxer-ogg: 62fdf1f143b41e24485cea50d1cbac27 -> 
  custom:video-encoder-webm-vp8: eb34c28f22e8b96e1ab97ce403110664 -> 
  custom:video-codec-MediaFoundation-h265: 746d11721c4dcdbdad8f713fa42b33f4 -> 
  custom:video-decoder-webm-vp8: 9c59270c3fd7afecdb556c50c9e8de78 -> 
  custom:graphics/normal-map-encoding: 01000000000000000000000000000000 -> 02000000000000000000000000000000
  custom:audio-decoder-ogg-vorbis: bf7c407c2cedff20999df2af8eb42d56 -> 
  custom:audio-encoder-webm-vorbis: bf7c407c2cedff20999df2af8eb42d56 -> 
========================================================================
Received Import Request.
  Time since last request: 71.300156 seconds.
  path: Assets/Resources/LessonClips/123(8x8).anim
  artifactKey: Guid(9c8cc4715cda13042abb889f47882f77) Importer(815301076,1909f56bfc062723c751e8b465ee728b)
Start importing Assets/Resources/LessonClips/123(8x8).anim using Guid(9c8cc4715cda13042abb889f47882f77) Importer(815301076,1909f56bfc062723c751e8b465ee728b)  -> (artifact id: 'e5db71ca10a4bec8d129df9309ae8a18') in 0.116765 seconds 
  Import took 0.122814 seconds .

========================================================================
Received Import Request.
  Time since last request: 3.224517 seconds.
  path: Assets/Resources/LessonLevels/123(8x8).asset
  artifactKey: Guid(ebe1a2e4e32c2314cba05d959738e3b6) Importer(815301076,1909f56bfc062723c751e8b465ee728b)
Start importing Assets/Resources/LessonLevels/123(8x8).asset using Guid(ebe1a2e4e32c2314cba05d959738e3b6) Importer(815301076,1909f56bfc062723c751e8b465ee728b)  -> (artifact id: '2b27fa4fe27d9579384a24410cc24d1e') in 0.005743 seconds 
  Import took 0.009353 seconds .

========================================================================
Received Import Request.
  Time since last request: 0.023933 seconds.
  path: Assets/Resources/LessonLevels/123(8x8).asset
  artifactKey: Guid(ebe1a2e4e32c2314cba05d959738e3b6) Importer(815301076,1909f56bfc062723c751e8b465ee728b)
Start importing Assets/Resources/LessonLevels/123(8x8).asset using Guid(ebe1a2e4e32c2314cba05d959738e3b6) Importer(815301076,1909f56bfc062723c751e8b465ee728b)  -> (artifact id: '2b27fa4fe27d9579384a24410cc24d1e') in 0.006663 seconds 
  Import took 0.011401 seconds .

